# JRE version: OpenJDK Runtime Environment Temurin-21.0.10+7 (21.0.10+7) (build 21.0.10+7-LTS)
# Java VM: OpenJDK 64-Bit Server VM Temurin-21.0.10+7 (21.0.10+7-LTS, mixed mode, sharing, tiered, compressed oops, compressed class ptrs, parallel gc, windows-amd64)
GC Precious Log:
 CardTable entry size: 512
 CPUs: 12 total, 12 available
 Memory: 16007M
 Large Page Support: Disabled
 NUMA Support: Disabled
 Compressed Oops: Enabled (32-bit)
 Alignments: Space 512K, Generation 512K, Heap 2M
 Heap Min Capacity: 100M
 Heap Initial Capacity: 100M
 Heap Max Capacity: 2G
 Pre-touch: Disabled
 Parallel Workers: 10
Heap:
 PSYoungGen      total 19456K, used 13861K [0x00000000d5580000, 0x00000000d6d80000, 0x0000000100000000)
  eden space 18432K, 72% used [0x00000000d5580000,0x00000000d6280298,0x00000000d6780000)
  from space 1024K, 53% used [0x00000000d6c80000,0x00000000d6d09210,0x00000000d6d80000)
  to   space 2048K, 0% used [0x00000000d6980000,0x00000000d6980000,0x00000000d6b80000)
 ParOldGen       total 79360K, used 78991K [0x0000000080000000, 0x0000000084d80000, 0x00000000d5580000)
  object space 79360K, 99% used [0x0000000080000000,0x0000000084d23f48,0x0000000084d80000)
 Metaspace       used 64066K, committed 65536K, reserved 1114112K
  class space    used 6682K, committed 7360K, reserved 1048576K
GC Heap History (20 events):
Event: 29.251 GC heap before
{Heap before GC invocations=74 (full 3):
 PSYoungGen      total 19456K, used 19105K [0x00000000d5580000, 0x00000000d6980000, 0x0000000100000000)
  eden space 18432K, 100% used [0x00000000d5580000,0x00000000d6780000,0x00000000d6780000)
  from space 1024K, 65% used [0x00000000d6880000,0x00000000d6928648,0x00000000d6980000)
  to   space 1024K, 0% used [0x00000000d6780000,0x00000000d6780000,0x00000000d6880000)
 ParOldGen       total 77312K, used 65198K [0x0000000080000000, 0x0000000084b80000, 0x00000000d5580000)
  object space 77312K, 84% used [0x0000000080000000,0x0000000083fabaf8,0x0000000084b80000)
 Metaspace       used 60017K, committed 61568K, reserved 1114112K
  class space    used 6406K, committed 7104K, reserved 1048576K
}
Event: 29.253 GC heap after
{Heap after GC invocations=74 (full 3):
 PSYoungGen      total 19456K, used 992K [0x00000000d5580000, 0x00000000d6b80000, 0x0000000100000000)
  eden space 18432K, 0% used [0x00000000d5580000,0x00000000d5580000,0x00000000d6780000)
  from space 1024K, 96% used [0x00000000d6780000,0x00000000d6878278,0x00000000d6880000)
  to   space 2048K, 0% used [0x00000000d6980000,0x00000000d6980000,0x00000000d6b80000)
 ParOldGen       total 77312K, used 65748K [0x0000000080000000, 0x0000000084b80000, 0x00000000d5580000)
  object space 77312K, 85% used [0x0000000080000000,0x0000000084035190,0x0000000084b80000)
 Metaspace       used 60017K, committed 61568K, reserved 1114112K
  class space    used 6406K, committed 7104K, reserved 1048576K
}
Event: 29.448 GC heap before
{Heap before GC invocations=75 (full 3):
 PSYoungGen      total 19456K, used 19424K [0x00000000d5580000, 0x00000000d6b80000, 0x0000000100000000)
  eden space 18432K, 100% used [0x00000000d5580000,0x00000000d6780000,0x00000000d6780000)
  from space 1024K, 96% used [0x00000000d6780000,0x00000000d6878278,0x00000000d6880000)
  to   space 2048K, 0% used [0x00000000d6980000,0x00000000d6980000,0x00000000d6b80000)
 ParOldGen       total 77312K, used 65748K [0x0000000080000000, 0x0000000084b80000, 0x00000000d5580000)
  object space 77312K, 85% used [0x0000000080000000,0x0000000084035190,0x0000000084b80000)
 Metaspace       used 60736K, committed 62208K, reserved 1114112K
  class space    used 6489K, committed 7168K, reserved 1048576K
}
Event: 29.452 GC heap after
{Heap after GC invocations=75 (full 3):
 PSYoungGen      total 19456K, used 1023K [0x00000000d5580000, 0x00000000d6a80000, 0x0000000100000000)
  eden space 18432K, 0% used [0x00000000d5580000,0x00000000d5580000,0x00000000d6780000)
  from space 1024K, 99% used [0x00000000d6980000,0x00000000d6a7ff70,0x00000000d6a80000)
  to   space 1536K, 0% used [0x00000000d6780000,0x00000000d6780000,0x00000000d6900000)
 ParOldGen       total 77312K, used 66632K [0x0000000080000000, 0x0000000084b80000, 0x00000000d5580000)
  object space 77312K, 86% used [0x0000000080000000,0x0000000084112358,0x0000000084b80000)
 Metaspace       used 60736K, committed 62208K, reserved 1114112K
  class space    used 6489K, committed 7168K, reserved 1048576K
}
Event: 29.829 GC heap before
{Heap before GC invocations=76 (full 3):
 PSYoungGen      total 19456K, used 19455K [0x00000000d5580000, 0x00000000d6a80000, 0x0000000100000000)
  eden space 18432K, 100% used [0x00000000d5580000,0x00000000d6780000,0x00000000d6780000)
  from space 1024K, 99% used [0x00000000d6980000,0x00000000d6a7ff70,0x00000000d6a80000)
  to   space 1536K, 0% used [0x00000000d6780000,0x00000000d6780000,0x00000000d6900000)
 ParOldGen       total 77312K, used 66632K [0x0000000080000000, 0x0000000084b80000, 0x00000000d5580000)
  object space 77312K, 86% used [0x0000000080000000,0x0000000084112358,0x0000000084b80000)
 Metaspace       used 61907K, committed 63424K, reserved 1114112K
  class space    used 6593K, committed 7296K, reserved 1048576K
}
Event: 29.830 GC heap after
{Heap after GC invocations=76 (full 3):
 PSYoungGen      total 19968K, used 1147K [0x00000000d5580000, 0x00000000d6a80000, 0x0000000100000000)
  eden space 18432K, 0% used [0x00000000d5580000,0x00000000d5580000,0x00000000d6780000)
  from space 1536K, 74% used [0x00000000d6780000,0x00000000d689ef78,0x00000000d6900000)
  to   space 1536K, 0% used [0x00000000d6900000,0x00000000d6900000,0x00000000d6a80000)
 ParOldGen       total 77312K, used 67456K [0x0000000080000000, 0x0000000084b80000, 0x00000000d5580000)
  object space 77312K, 87% used [0x0000000080000000,0x00000000841e0140,0x0000000084b80000)
 Metaspace       used 61907K, committed 63424K, reserved 1114112K
  class space    used 6593K, committed 7296K, reserved 1048576K
}
Event: 30.037 GC heap before
{Heap before GC invocations=77 (full 3):
 PSYoungGen      total 19968K, used 19579K [0x00000000d5580000, 0x00000000d6a80000, 0x0000000100000000)
  eden space 18432K, 100% used [0x00000000d5580000,0x00000000d6780000,0x00000000d6780000)
  from space 1536K, 74% used [0x00000000d6780000,0x00000000d689ef78,0x00000000d6900000)
  to   space 1536K, 0% used [0x00000000d6900000,0x00000000d6900000,0x00000000d6a80000)
 ParOldGen       total 77312K, used 67456K [0x0000000080000000, 0x0000000084b80000, 0x00000000d5580000)
  object space 77312K, 87% used [0x0000000080000000,0x00000000841e0140,0x0000000084b80000)
 Metaspace       used 62192K, committed 63680K, reserved 1114112K
  class space    used 6607K, committed 7296K, reserved 1048576K
}
Event: 30.040 GC heap after
{Heap after GC invocations=77 (full 3):
 PSYoungGen      total 19968K, used 1440K [0x00000000d5580000, 0x00000000d6a80000, 0x0000000100000000)
  eden space 18432K, 0% used [0x00000000d5580000,0x00000000d5580000,0x00000000d6780000)
  from space 1536K, 93% used [0x00000000d6900000,0x00000000d6a68060,0x00000000d6a80000)
  to   space 1536K, 0% used [0x00000000d6780000,0x00000000d6780000,0x00000000d6900000)
 ParOldGen       total 77312K, used 68477K [0x0000000080000000, 0x0000000084b80000, 0x00000000d5580000)
  object space 77312K, 88% used [0x0000000080000000,0x00000000842df768,0x0000000084b80000)
 Metaspace       used 62192K, committed 63680K, reserved 1114112K
  class space    used 6607K, committed 7296K, reserved 1048576K
}
Event: 32.217 GC heap before
{Heap before GC invocations=78 (full 3):
 PSYoungGen      total 19968K, used 19872K [0x00000000d5580000, 0x00000000d6a80000, 0x0000000100000000)
  eden space 18432K, 100% used [0x00000000d5580000,0x00000000d6780000,0x00000000d6780000)
  from space 1536K, 93% used [0x00000000d6900000,0x00000000d6a68060,0x00000000d6a80000)
  to   space 1536K, 0% used [0x00000000d6780000,0x00000000d6780000,0x00000000d6900000)
 ParOldGen       total 77312K, used 68477K [0x0000000080000000, 0x0000000084b80000, 0x00000000d5580000)
  object space 77312K, 88% used [0x0000000080000000,0x00000000842df768,0x0000000084b80000)
 Metaspace       used 62553K, committed 64128K, reserved 1114112K
  class space    used 6640K, committed 7360K, reserved 1048576K
}
Event: 32.223 GC heap after
{Heap after GC invocations=78 (full 3):
 PSYoungGen      total 19968K, used 1528K [0x00000000d5580000, 0x00000000d7180000, 0x0000000100000000)
  eden space 18432K, 0% used [0x00000000d5580000,0x00000000d5580000,0x00000000d6780000)
  from space 1536K, 99% used [0x00000000d6780000,0x00000000d68fe068,0x00000000d6900000)
  to   space 5120K, 0% used [0x00000000d6c80000,0x00000000d6c80000,0x00000000d7180000)
 ParOldGen       total 77312K, used 71335K [0x0000000080000000, 0x0000000084b80000, 0x00000000d5580000)
  object space 77312K, 92% used [0x0000000080000000,0x00000000845a9cb0,0x0000000084b80000)
 Metaspace       used 62553K, committed 64128K, reserved 1114112K
  class space    used 6640K, committed 7360K, reserved 1048576K
}
Event: 36.648 GC heap before
{Heap before GC invocations=79 (full 3):
 PSYoungGen      total 19968K, used 19960K [0x00000000d5580000, 0x00000000d7180000, 0x0000000100000000)
  eden space 18432K, 100% used [0x00000000d5580000,0x00000000d6780000,0x00000000d6780000)
  from space 1536K, 99% used [0x00000000d6780000,0x00000000d68fe068,0x00000000d6900000)
  to   space 5120K, 0% used [0x00000000d6c80000,0x00000000d6c80000,0x00000000d7180000)
 ParOldGen       total 77312K, used 71335K [0x0000000080000000, 0x0000000084b80000, 0x00000000d5580000)
  object space 77312K, 92% used [0x0000000080000000,0x00000000845a9cb0,0x0000000084b80000)
 Metaspace       used 62957K, committed 64448K, reserved 1114112K
  class space    used 6655K, committed 7360K, reserved 1048576K
}
Event: 36.654 GC heap after
{Heap after GC invocations=79 (full 3):
 PSYoungGen      total 20992K, used 2213K [0x00000000d5580000, 0x00000000d6f00000, 0x0000000100000000)
  eden space 18432K, 0% used [0x00000000d5580000,0x00000000d5580000,0x00000000d6780000)
  from space 2560K, 86% used [0x00000000d6c80000,0x00000000d6ea96d8,0x00000000d6f00000)
  to   space 3072K, 0% used [0x00000000d6900000,0x00000000d6900000,0x00000000d6c00000)
 ParOldGen       total 77312K, used 72339K [0x0000000080000000, 0x0000000084b80000, 0x00000000d5580000)
  object space 77312K, 93% used [0x0000000080000000,0x00000000846a4d60,0x0000000084b80000)
 Metaspace       used 62957K, committed 64448K, reserved 1114112K
  class space    used 6655K, committed 7360K, reserved 1048576K
}
Event: 37.448 GC heap before
{Heap before GC invocations=80 (full 3):
 PSYoungGen      total 20992K, used 20645K [0x00000000d5580000, 0x00000000d6f00000, 0x0000000100000000)
  eden space 18432K, 100% used [0x00000000d5580000,0x00000000d6780000,0x00000000d6780000)
  from space 2560K, 86% used [0x00000000d6c80000,0x00000000d6ea96d8,0x00000000d6f00000)
  to   space 3072K, 0% used [0x00000000d6900000,0x00000000d6900000,0x00000000d6c00000)
 ParOldGen       total 77312K, used 72339K [0x0000000080000000, 0x0000000084b80000, 0x00000000d5580000)
  object space 77312K, 93% used [0x0000000080000000,0x00000000846a4d60,0x0000000084b80000)
 Metaspace       used 63153K, committed 64640K, reserved 1114112K
  class space    used 6659K, committed 7360K, reserved 1048576K
}
Event: 37.454 GC heap after
{Heap after GC invocations=80 (full 3):
 PSYoungGen      total 20480K, used 1828K [0x00000000d5580000, 0x00000000d6d00000, 0x0000000100000000)
  eden space 18432K, 0% used [0x00000000d5580000,0x00000000d5580000,0x00000000d6780000)
  from space 2048K, 89% used [0x00000000d6900000,0x00000000d6ac9250,0x00000000d6b00000)
  to   space 2048K, 0% used [0x00000000d6b00000,0x00000000d6b00000,0x00000000d6d00000)
 ParOldGen       total 77312K, used 74355K [0x0000000080000000, 0x0000000084b80000, 0x00000000d5580000)
  object space 77312K, 96% used [0x0000000080000000,0x000000008489cfe8,0x0000000084b80000)
 Metaspace       used 63153K, committed 64640K, reserved 1114112K
  class space    used 6659K, committed 7360K, reserved 1048576K
}
Event: 38.786 GC heap before
{Heap before GC invocations=81 (full 3):
 PSYoungGen      total 20480K, used 20260K [0x00000000d5580000, 0x00000000d6d00000, 0x0000000100000000)
  eden space 18432K, 100% used [0x00000000d5580000,0x00000000d6780000,0x00000000d6780000)
  from space 2048K, 89% used [0x00000000d6900000,0x00000000d6ac9250,0x00000000d6b00000)
  to   space 2048K, 0% used [0x00000000d6b00000,0x00000000d6b00000,0x00000000d6d00000)
 ParOldGen       total 77312K, used 74355K [0x0000000080000000, 0x0000000084b80000, 0x00000000d5580000)
  object space 77312K, 96% used [0x0000000080000000,0x000000008489cfe8,0x0000000084b80000)
 Metaspace       used 63276K, committed 64832K, reserved 1114112K
  class space    used 6661K, committed 7360K, reserved 1048576K
}
Event: 38.791 GC heap after
{Heap after GC invocations=81 (full 3):
 PSYoungGen      total 20480K, used 1839K [0x00000000d5580000, 0x00000000d6d00000, 0x0000000100000000)
  eden space 18432K, 0% used [0x00000000d5580000,0x00000000d5580000,0x00000000d6780000)
  from space 2048K, 89% used [0x00000000d6b00000,0x00000000d6ccbe88,0x00000000d6d00000)
  to   space 2048K, 0% used [0x00000000d6900000,0x00000000d6900000,0x00000000d6b00000)
 ParOldGen       total 77312K, used 75980K [0x0000000080000000, 0x0000000084b80000, 0x00000000d5580000)
  object space 77312K, 98% used [0x0000000080000000,0x0000000084a33090,0x0000000084b80000)
 Metaspace       used 63276K, committed 64832K, reserved 1114112K
  class space    used 6661K, committed 7360K, reserved 1048576K
}
Event: 40.363 GC heap before
{Heap before GC invocations=82 (full 3):
 PSYoungGen      total 20480K, used 20271K [0x00000000d5580000, 0x00000000d6d00000, 0x0000000100000000)
  eden space 18432K, 100% used [0x00000000d5580000,0x00000000d6780000,0x00000000d6780000)
  from space 2048K, 89% used [0x00000000d6b00000,0x00000000d6ccbe88,0x00000000d6d00000)
  to   space 2048K, 0% used [0x00000000d6900000,0x00000000d6900000,0x00000000d6b00000)
 ParOldGen       total 77312K, used 75980K [0x0000000080000000, 0x0000000084b80000, 0x00000000d5580000)
  object space 77312K, 98% used [0x0000000080000000,0x0000000084a33090,0x0000000084b80000)
 Metaspace       used 63602K, committed 65088K, reserved 1114112K
  class space    used 6676K, committed 7360K, reserved 1048576K
}
Event: 40.368 GC heap after
{Heap after GC invocations=82 (full 3):
 PSYoungGen      total 20480K, used 2032K [0x00000000d5580000, 0x00000000d7180000, 0x0000000100000000)
  eden space 18432K, 0% used [0x00000000d5580000,0x00000000d5580000,0x00000000d6780000)
  from space 2048K, 99% used [0x00000000d6900000,0x00000000d6afc048,0x00000000d6b00000)
  to   space 5120K, 0% used [0x00000000d6c80000,0x00000000d6c80000,0x00000000d7180000)
 ParOldGen       total 78848K, used 78382K [0x0000000080000000, 0x0000000084d00000, 0x00000000d5580000)
  object space 78848K, 99% used [0x0000000080000000,0x0000000084c8bba0,0x0000000084d00000)
 Metaspace       used 63602K, committed 65088K, reserved 1114112K
  class space    used 6676K, committed 7360K, reserved 1048576K
}
Event: 40.923 GC heap before
{Heap before GC invocations=83 (full 3):
 PSYoungGen      total 20480K, used 20464K [0x00000000d5580000, 0x00000000d7180000, 0x0000000100000000)
  eden space 18432K, 100% used [0x00000000d5580000,0x00000000d6780000,0x00000000d6780000)
  from space 2048K, 99% used [0x00000000d6900000,0x00000000d6afc048,0x00000000d6b00000)
  to   space 5120K, 0% used [0x00000000d6c80000,0x00000000d6c80000,0x00000000d7180000)
 ParOldGen       total 78848K, used 78382K [0x0000000080000000, 0x0000000084d00000, 0x00000000d5580000)
  object space 78848K, 99% used [0x0000000080000000,0x0000000084c8bba0,0x0000000084d00000)
 Metaspace       used 63893K, committed 65344K, reserved 1114112K
  class space    used 6676K, committed 7360K, reserved 1048576K
}
Event: 40.926 GC heap after
{Heap after GC invocations=83 (full 3):
 PSYoungGen      total 19456K, used 548K [0x00000000d5580000, 0x00000000d6d80000, 0x0000000100000000)
  eden space 18432K, 0% used [0x00000000d5580000,0x00000000d5580000,0x00000000d6780000)
  from space 1024K, 53% used [0x00000000d6c80000,0x00000000d6d09210,0x00000000d6d80000)
  to   space 2048K, 0% used [0x00000000d6980000,0x00000000d6980000,0x00000000d6b80000)
 ParOldGen       total 79360K, used 78991K [0x0000000080000000, 0x0000000084d80000, 0x00000000d5580000)
  object space 79360K, 99% used [0x0000000080000000,0x0000000084d23f48,0x0000000084d80000)
 Metaspace       used 63893K, committed 65344K, reserved 1114112K
  class space    used 6676K, committed 7360K, reserved 1048576K
}

