# JRE version: Java(TM) SE Runtime Environment (25.0+37) (build 25+37-LTS-3491)
# Java VM: Java HotSpot(TM) 64-Bit Server VM (25+37-LTS-3491, mixed mode, sharing, tiered, compressed oops, compressed class ptrs, g1 gc, windows-amd64)
GC Precious Log:
 CardTable entry size: 512
 Card Set container configuration: InlinePtr #cards 4 size 8 Array Of Cards #cards 16 size 48 Howl #buckets 8 coarsen threshold 3686 Howl Bitmap #cards 512 size 80 coarsen threshold 460 Card regions per heap region 1 cards per card region 4096
 CPUs: 12 total, 12 available
 Memory: 16007M
 Large Page Support: Disabled
 NUMA Support: Disabled
 Compressed Oops: Enabled (Zero based)
 Heap Region Size: 2M
 Heap Min Capacity: 8M
 Heap Initial Capacity: 8M
 Heap Max Capacity: 4002M
 Pre-touch: Disabled
 Parallel Workers: 10
 Concurrent Workers: 3
 Concurrent Refinement Workers: 10
 Periodic GC: Disabled
Heap:
 garbage-first heap   total reserved 4098048K, committed 83968K, used 39993K [0x0000000705e00000, 0x0000000800000000)
  region size 2048K, 6 young (12288K), 1 survivors (2048K)
GC Heap Usage History (20 events):
Event: 0.264 {heap Before GC invocations=4 (full 0):
 garbage-first heap   total reserved 4098048K, committed 20480K, used 15991K [0x0000000705e00000, 0x0000000800000000)
  region size 2048K, 2 young (4096K), 1 survivors (2048K)
}
Event: 0.267 {heap After GC invocations=5 (full 0):
 garbage-first heap   total reserved 4098048K, committed 22528K, used 14820K [0x0000000705e00000, 0x0000000800000000)
  region size 2048K, 1 young (2048K), 1 survivors (2048K)
}
Event: 0.276 {heap Before GC invocations=5 (full 0):
 garbage-first heap   total reserved 4098048K, committed 22528K, used 16868K [0x0000000705e00000, 0x0000000800000000)
  region size 2048K, 2 young (4096K), 1 survivors (2048K)
}
Event: 0.280 {heap After GC invocations=6 (full 0):
 garbage-first heap   total reserved 4098048K, committed 24576K, used 16687K [0x0000000705e00000, 0x0000000800000000)
  region size 2048K, 1 young (2048K), 1 survivors (2048K)
}
Event: 0.287 {heap Before GC invocations=6 (full 0):
 garbage-first heap   total reserved 4098048K, committed 24576K, used 18735K [0x0000000705e00000, 0x0000000800000000)
  region size 2048K, 2 young (4096K), 1 survivors (2048K)
}
Event: 0.290 {heap After GC invocations=7 (full 0):
 garbage-first heap   total reserved 4098048K, committed 53248K, used 18499K [0x0000000705e00000, 0x0000000800000000)
  region size 2048K, 1 young (2048K), 1 survivors (2048K)
}
Event: 0.910 {heap Before GC invocations=8 (full 0):
 garbage-first heap   total reserved 4098048K, committed 53248K, used 28739K [0x0000000705e00000, 0x0000000800000000)
  region size 2048K, 7 young (14336K), 1 survivors (2048K)
}
Event: 0.915 {heap After GC invocations=9 (full 0):
 garbage-first heap   total reserved 4098048K, committed 53248K, used 19900K [0x0000000705e00000, 0x0000000800000000)
  region size 2048K, 1 young (2048K), 1 survivors (2048K)
}
Event: 1.222 {heap Before GC invocations=9 (full 0):
 garbage-first heap   total reserved 4098048K, committed 53248K, used 30140K [0x0000000705e00000, 0x0000000800000000)
  region size 2048K, 6 young (12288K), 1 survivors (2048K)
}
Event: 1.227 {heap After GC invocations=10 (full 0):
 garbage-first heap   total reserved 4098048K, committed 53248K, used 22802K [0x0000000705e00000, 0x0000000800000000)
  region size 2048K, 1 young (2048K), 1 survivors (2048K)
}
Event: 1.290 {heap Before GC invocations=10 (full 0):
 garbage-first heap   total reserved 4098048K, committed 53248K, used 35090K [0x0000000705e00000, 0x0000000800000000)
  region size 2048K, 7 young (14336K), 1 survivors (2048K)
}
Event: 1.295 {heap After GC invocations=11 (full 0):
 garbage-first heap   total reserved 4098048K, committed 53248K, used 26960K [0x0000000705e00000, 0x0000000800000000)
  region size 2048K, 1 young (2048K), 1 survivors (2048K)
}
Event: 1.379 {heap Before GC invocations=11 (full 0):
 garbage-first heap   total reserved 4098048K, committed 53248K, used 37200K [0x0000000705e00000, 0x0000000800000000)
  region size 2048K, 6 young (12288K), 1 survivors (2048K)
}
Event: 1.382 {heap After GC invocations=12 (full 0):
 garbage-first heap   total reserved 4098048K, committed 53248K, used 31695K [0x0000000705e00000, 0x0000000800000000)
  region size 2048K, 1 young (2048K), 1 survivors (2048K)
}
Event: 1.443 {heap Before GC invocations=13 (full 0):
 garbage-first heap   total reserved 4098048K, committed 55296K, used 37839K [0x0000000705e00000, 0x0000000800000000)
  region size 2048K, 5 young (10240K), 1 survivors (2048K)
}
Event: 1.446 {heap After GC invocations=14 (full 0):
 garbage-first heap   total reserved 4098048K, committed 55296K, used 34342K [0x0000000705e00000, 0x0000000800000000)
  region size 2048K, 1 young (2048K), 1 survivors (2048K)
}
Event: 1.600 {heap Before GC invocations=14 (full 0):
 garbage-first heap   total reserved 4098048K, committed 55296K, used 44582K [0x0000000705e00000, 0x0000000800000000)
  region size 2048K, 6 young (12288K), 1 survivors (2048K)
}
Event: 1.606 {heap After GC invocations=15 (full 0):
 garbage-first heap   total reserved 4098048K, committed 55296K, used 33439K [0x0000000705e00000, 0x0000000800000000)
  region size 2048K, 1 young (2048K), 1 survivors (2048K)
}
Event: 1.702 {heap Before GC invocations=15 (full 0):
 garbage-first heap   total reserved 4098048K, committed 55296K, used 43679K [0x0000000705e00000, 0x0000000800000000)
  region size 2048K, 6 young (12288K), 1 survivors (2048K)
}
Event: 1.707 {heap After GC invocations=16 (full 0):
 garbage-first heap   total reserved 4098048K, committed 83968K, used 35897K [0x0000000705e00000, 0x0000000800000000)
  region size 2048K, 1 young (2048K), 1 survivors (2048K)
}

